0 info it worked if it ends with ok
1 verbose cli [ '/usr/bin/node', '/usr/bin/npm', 'install', 'mutler' ]
2 info using npm@1.4.28
3 info using node@v0.10.37
4 verbose node symlink /usr/bin/node
5 verbose readDependencies using package.json deps
6 verbose cache add [ 'mutler', null ]
7 verbose cache add name=undefined spec="mutler" args=["mutler",null]
8 verbose parsed url { protocol: null,
8 verbose parsed url   slashes: null,
8 verbose parsed url   auth: null,
8 verbose parsed url   host: null,
8 verbose parsed url   port: null,
8 verbose parsed url   hostname: null,
8 verbose parsed url   hash: null,
8 verbose parsed url   search: null,
8 verbose parsed url   query: null,
8 verbose parsed url   pathname: 'mutler',
8 verbose parsed url   path: 'mutler',
8 verbose parsed url   href: 'mutler' }
9 silly lockFile 3cb22a8a-mutler mutler
10 verbose lock mutler /home/deepthi/.npm/3cb22a8a-mutler.lock
11 silly lockFile 3cb22a8a-mutler mutler
12 silly lockFile 3cb22a8a-mutler mutler
13 verbose addNamed [ 'mutler', '' ]
14 verbose addNamed [ null, '*' ]
15 silly lockFile 8634a69c-mutler mutler@
16 verbose lock mutler@ /home/deepthi/.npm/8634a69c-mutler.lock
17 silly addNameRange { name: 'mutler', range: '*', hasData: false }
18 verbose request where is /mutler
19 verbose request registry https://registry.npmjs.org/
20 verbose request id ed61c5e01faa9518
21 verbose url raw /mutler
22 verbose url resolving [ 'https://registry.npmjs.org/', './mutler' ]
23 verbose url resolved https://registry.npmjs.org/mutler
24 verbose request where is https://registry.npmjs.org/mutler
25 info trying registry request attempt 1 at 17:22:45
26 http GET https://registry.npmjs.org/mutler
27 http 404 https://registry.npmjs.org/mutler
28 verbose headers { server: 'CouchDB/1.5.0 (Erlang OTP/R16B03)',
28 verbose headers   'content-type': 'application/json',
28 verbose headers   'cache-control': 'max-age=0',
28 verbose headers   'content-length': '51',
28 verbose headers   'accept-ranges': 'bytes',
28 verbose headers   date: 'Wed, 06 May 2015 00:22:46 GMT',
28 verbose headers   via: '1.1 varnish',
28 verbose headers   age: '0',
28 verbose headers   connection: 'keep-alive',
28 verbose headers   'x-served-by': 'cache-sjc3133-SJC',
28 verbose headers   'x-cache': 'MISS',
28 verbose headers   'x-cache-hits': '0',
28 verbose headers   'x-timer': 'S1430871765.931905,VS0,VE91' }
29 silly registry.get cb [ 404,
29 silly registry.get   { server: 'CouchDB/1.5.0 (Erlang OTP/R16B03)',
29 silly registry.get     'content-type': 'application/json',
29 silly registry.get     'cache-control': 'max-age=0',
29 silly registry.get     'content-length': '51',
29 silly registry.get     'accept-ranges': 'bytes',
29 silly registry.get     date: 'Wed, 06 May 2015 00:22:46 GMT',
29 silly registry.get     via: '1.1 varnish',
29 silly registry.get     age: '0',
29 silly registry.get     connection: 'keep-alive',
29 silly registry.get     'x-served-by': 'cache-sjc3133-SJC',
29 silly registry.get     'x-cache': 'MISS',
29 silly registry.get     'x-cache-hits': '0',
29 silly registry.get     'x-timer': 'S1430871765.931905,VS0,VE91' } ]
30 silly lockFile 8634a69c-mutler mutler@
31 silly lockFile 8634a69c-mutler mutler@
32 error 404 404 Not Found: mutler
32 error 404
32 error 404 'mutler' is not in the npm registry.
32 error 404 You should bug the author to publish it
32 error 404 It was specified as a dependency of 'cmpe295ANew'
32 error 404
32 error 404 Note that you can also install from a
32 error 404 tarball, folder, or http url, or git url.
33 error System Linux 3.13.0-51-generic
34 error command "/usr/bin/node" "/usr/bin/npm" "install" "mutler"
35 error cwd /home/deepthi/workspace/cmpe295ANew
36 error node -v v0.10.37
37 error npm -v 1.4.28
38 error code E404
39 verbose exit [ 1, true ]
